<?xml version="1.0" encoding="UTF-8"?>
<testsuite xmlns:xsi="http://www.w3.org/2001/XMLSchema-instance" xsi:noNamespaceSchemaLocation="https://maven.apache.org/surefire/maven-surefire-plugin/xsd/surefire-test-report.xsd" version="3.0.2" name="io.polychro.html.HtmlProjectorTest" time="0.171" tests="13" errors="0" skipped="0" failures="0">
  <properties>
[...]
</properties>
  <testcase name="projectShouldExposeKindLangTitleAndStructure" classname="io.polychro.html.HtmlProjectorTest" time="0.056"/>
  <testcase name="projectShouldProjectFormFieldWithoutTypeAttribute" classname="io.polychro.html.HtmlProjectorTest" time="0.002"/>
  <testcase name="projectShouldSerializeAllAttributesAndIdAndText" classname="io.polychro.html.HtmlProjectorTest" time="0.01"/>
  <testcase name="projectShouldSkipDocumentTitleWhenMissing" classname="io.polychro.html.HtmlProjectorTest" time="0.003"/>
  <testcase name="projectShouldClassifyEmptyHrefLinks" classname="io.polychro.html.HtmlProjectorTest" time="0.005"/>
  <testcase name="sourceMapShouldResolveProjectedHeadingPath" classname="io.polychro.html.HtmlProjectorTest" time="0.014"/>
  <testcase name="projectShouldReturnNullLangWhenNoHtmlElement" classname="io.polychro.html.HtmlProjectorTest" time="0.003"/>
  <testcase name="projectShouldClassifyHttpAsExternal" classname="io.polychro.html.HtmlProjectorTest" time="0.002"/>
  <testcase name="projectShouldExposeFragmentKindAndApproximateMetadata" classname="io.polychro.html.HtmlProjectorTest" time="0.006"/>
  <testcase name="projectShouldHandleEmptyLangAndTitleAsNull" classname="io.polychro.html.HtmlProjectorTest" time="0.016"/>
  <testcase name="projectShouldClassifyAnchorTargetAttribute" classname="io.polychro.html.HtmlProjectorTest" time="0.011"/>
  <testcase name="projectShouldProjectScriptType" classname="io.polychro.html.HtmlProjectorTest" time="0.003"/>
  <testcase name="projectShouldMarkFieldsWithIdButNoLabelAsUnlabeled" classname="io.polychro.html.HtmlProjectorTest" time="0.003"/>
</testsuite>